[debug] [2023-05-25T14:22:22.761Z] ----------------------------------------------------------------------
[debug] [2023-05-25T14:22:22.763Z] Command:       C:\Program Files\nodejs\node.exe C:\Users\ASUS VIVOBOOK\AppData\Roaming\npm\node_modules\firebase-tools\lib\bin\firebase.js init
[debug] [2023-05-25T14:22:22.763Z] CLI Version:   12.2.1
[debug] [2023-05-25T14:22:22.763Z] Platform:      win32
[debug] [2023-05-25T14:22:22.763Z] Node Version:  v16.14.0
[debug] [2023-05-25T14:22:22.764Z] Time:          Thu May 25 2023 20:22:22 GMT+0600 (Bangladesh Standard Time)
[debug] [2023-05-25T14:22:22.764Z] ----------------------------------------------------------------------
[debug] 
[debug] [2023-05-25T14:22:22.819Z] > command requires scopes: ["email","openid","https://www.googleapis.com/auth/cloudplatformprojects.readonly","https://www.googleapis.com/auth/firebase","https://www.googleapis.com/auth/cloud-platform"]
[debug] [2023-05-25T14:22:22.819Z] > authorizing via signed-in user (mdabdullahnoman777@gmail.com)
[info] 
     ######## #### ########  ######## ########     ###     ######  ########
     ##        ##  ##     ## ##       ##     ##  ##   ##  ##       ##
     ######    ##  ########  ######   ########  #########  ######  ######
     ##        ##  ##    ##  ##       ##     ## ##     ##       ## ##
     ##       #### ##     ## ######## ########  ##     ##  ######  ########

You're about to initialize a Firebase project in this directory:

  C:\Users\ASUS VIVOBOOK\OneDrive\Desktop\Forum-Website-Frontend

Before we get started, keep in mind:

  * You are initializing within an existing Firebase project directory

[info] 
=== Project Setup
[info] 
[info] First, let's associate this project directory with a Firebase project.
[info] You can create multiple project aliases by running firebase use --add, 
[info] but for now we'll just set up a default project.
[info] 
[debug] [2023-05-25T14:22:31.169Z] Using project from CLI flag: uiu-club-forum
[debug] [2023-05-25T14:22:31.172Z] >>> [apiv2][query] GET https://firebase.googleapis.com/v1beta1/projects/uiu-club-forum [none]
[debug] [2023-05-25T14:22:31.832Z] <<< [apiv2][status] GET https://firebase.googleapis.com/v1beta1/projects/uiu-club-forum 403
[debug] [2023-05-25T14:22:31.832Z] <<< [apiv2][body] GET https://firebase.googleapis.com/v1beta1/projects/uiu-club-forum {"error":{"code":403,"message":"The caller does not have permission","status":"PERMISSION_DENIED"}}
[debug] [2023-05-25T14:22:31.832Z] HTTP Error: 403, The caller does not have permission
[debug] [2023-05-25T14:22:32.076Z] FirebaseError: HTTP Error: 403, The caller does not have permission
    at responseToError (C:\Users\ASUS VIVOBOOK\AppData\Roaming\npm\node_modules\firebase-tools\lib\responseToError.js:49:12)
    at RetryOperation._fn (C:\Users\ASUS VIVOBOOK\AppData\Roaming\npm\node_modules\firebase-tools\lib\apiv2.js:288:77)
    at processTicksAndRejections (node:internal/process/task_queues:96:5)
[error] 
[error] Error: Failed to get Firebase project uiu-club-forum. Please make sure the project exists and your account has permission to access it.
